<?xml version="1.0" encoding="UTF-8"?>
<!-- Generated by org.testng.reporters.JUnitReportReporter -->
<testsuite hostname="DESKTOP-DKTE3AH" failures="0" tests="1" name="com.mystore.testcases.TC_SearchProductPage" time="10.861" errors="0" timestamp="2024-10-27T20:50:16 IST" skipped="0">
  <testcase classname="com.mystore.testcases.TC_SearchProductPage" name="verifySearchProduct" time="10.861"/>
  <system-out/>
</testsuite> <!-- com.mystore.testcases.TC_SearchProductPage -->
