<?xml version="1.0" encoding="UTF-8"?>
<!-- Generated by org.testng.reporters.JUnitReportReporter -->
<testsuite hostname="DESKTOP-DKTE3AH" failures="0" tests="3" name="com.mystore.testcases.TC_MyAccountPageTest" time="42.573" errors="0" timestamp="2024-11-03T00:13:15 IST" skipped="0">
  <testcase classname="com.mystore.testcases.TC_MyAccountPageTest" name="verifySignOut" time="17.787"/>
  <system-out/>
  <testcase classname="com.mystore.testcases.TC_MyAccountPageTest" name="verifyRegistrationAndLogin" time="18.688"/>
  <system-out/>
  <testcase classname="com.mystore.testcases.TC_MyAccountPageTest" name="verifyLogin" time="6.098"/>
  <system-out/>
</testsuite> <!-- com.mystore.testcases.TC_MyAccountPageTest -->
