<?xml version="1.0" encoding="UTF-8"?>
<!-- Generated by org.testng.reporters.JUnitReportReporter -->
<testsuite hostname="DESKTOP-DKTE3AH" failures="0" tests="2" name="com.mystore.testcases.TC_ProductPageTest" time="51.105" errors="0" timestamp="2024-11-03T19:35:10 IST" skipped="1">
  <testcase classname="com.mystore.testcases.TC_ProductPageTest" name="verifyBuyProduct" time="51.105"/>
  <system-out/>
  <testcase classname="com.mystore.testcases.TC_ProductPageTest" name="verifySearchProduct">
    <skipped/>
  </testcase> <!-- verifySearchProduct -->
  <system-out/>
</testsuite> <!-- com.mystore.testcases.TC_ProductPageTest -->
