<?xml version="1.0" encoding="UTF-8"?>
<!-- Generated by org.testng.reporters.JUnitReportReporter -->
<testsuite hostname="DESKTOP-DKTE3AH" failures="0" tests="2" name="com.mystore.testcases.TC_ProductPageTest" time="46.224" errors="0" timestamp="2024-11-03T14:20:36 IST" skipped="0">
  <testcase classname="com.mystore.testcases.TC_ProductPageTest" name="verifySearchProduct" time="11.002"/>
  <system-out/>
  <testcase classname="com.mystore.testcases.TC_ProductPageTest" name="verifyBuyProduct" time="35.222"/>
  <system-out/>
</testsuite> <!-- com.mystore.testcases.TC_ProductPageTest -->
