<?xml version="1.0" encoding="UTF-8"?>
<!-- Generated by org.testng.reporters.JUnitReportReporter -->
<testsuite hostname="DESKTOP-DKTE3AH" failures="0" tests="3" name="com.mystore.testcases.TC_MyAccountPageTest" time="52.957" errors="0" timestamp="2024-11-03T14:20:36 IST" skipped="0">
  <testcase classname="com.mystore.testcases.TC_MyAccountPageTest" name="verifySignOut" time="20.865"/>
  <system-out/>
  <testcase classname="com.mystore.testcases.TC_MyAccountPageTest" name="verifyRegistrationAndLogin" time="22.953"/>
  <system-out/>
  <testcase classname="com.mystore.testcases.TC_MyAccountPageTest" name="verifyLogin" time="9.139"/>
  <system-out/>
</testsuite> <!-- com.mystore.testcases.TC_MyAccountPageTest -->
